SF:lib\locator.dart
DA:23,3
DA:28,1
DA:29,1
DA:32,1
DA:33,1
DA:35,1
DA:36,1
DA:37,1
DA:38,3
DA:39,1
DA:40,1
DA:41,1
DA:46,4
DA:51,2
DA:52,2
DA:55,4
DA:58,2
DA:59,1
DA:63,0
DA:64,0
DA:65,0
DA:66,0
DA:67,0
DA:70,0
DA:71,0
DA:72,0
DA:73,0
DA:74,0
DA:77,0
DA:78,0
DA:79,0
DA:80,0
DA:82,0
DA:83,0
DA:84,0
DA:85,0
DA:88,0
DA:91,0
LF:38
LH:18
end_of_record
SF:lib\main.dart
DA:29,0
DA:30,0
DA:31,0
DA:32,0
DA:35,0
DA:37,0
DA:40,0
DA:41,0
DA:42,0
DA:43,0
DA:45,0
DA:46,0
DA:52,0
DA:53,0
DA:56,0
DA:59,0
DA:69,0
DA:71,0
DA:75,0
DA:77,0
DA:81,0
DA:83,0
DA:85,0
DA:86,0
DA:87,0
DA:88,0
DA:90,0
DA:96,0
DA:98,0
DA:105,4
DA:107,1
DA:109,1
DA:110,1
DA:111,3
DA:112,3
DA:113,5
DA:114,1
DA:116,1
DA:117,2
DA:118,1
DA:119,1
DA:129,4
DA:131,1
DA:133,1
DA:134,1
DA:137,2
DA:147,1
DA:148,1
DA:149,1
LF:49
LH:20
end_of_record
SF:lib\l10n\app_localizations.dart
DA:68,3
DA:69,6
DA:73,3
DA:74,3
DA:542,4
DA:544,3
DA:546,6
DA:549,3
DA:551,9
DA:553,0
DA:557,3
DA:559,3
DA:560,3
DA:561,0
DA:562,3
DA:563,0
DA:564,3
DA:565,3
DA:566,0
DA:567,0
DA:568,0
DA:569,0
DA:572,0
LF:23
LH:15
end_of_record
SF:lib\l10n\app_localizations_ar.dart
DA:9,0
DA:11,0
DA:14,0
DA:17,0
DA:20,0
DA:23,0
DA:26,0
DA:29,0
DA:32,0
DA:35,0
DA:38,0
DA:41,0
DA:44,0
DA:47,0
DA:50,0
DA:53,0
DA:56,0
DA:59,0
DA:62,0
DA:65,0
DA:68,0
DA:71,0
DA:74,0
DA:77,0
DA:80,0
DA:83,0
DA:86,0
DA:89,0
DA:92,0
DA:95,0
DA:98,0
DA:102,0
DA:106,0
DA:109,0
DA:112,0
DA:115,0
DA:118,0
DA:121,0
DA:124,0
DA:126,0
DA:129,0
DA:132,0
DA:135,0
DA:138,0
DA:141,0
DA:144,0
DA:147,0
DA:150,0
DA:153,0
DA:156,0
DA:159,0
DA:162,0
DA:165,0
DA:168,0
DA:171,0
DA:174,0
DA:177,0
DA:180,0
DA:183,0
DA:186,0
DA:190,0
DA:192,0
DA:195,0
DA:198,0
DA:201,0
DA:205,0
DA:208,0
DA:211,0
DA:214,0
DA:217,0
DA:220,0
DA:223,0
DA:226,0
DA:229,0
DA:232,0
LF:75
LH:0
end_of_record
SF:lib\l10n\app_localizations_de.dart
DA:9,0
DA:11,0
DA:14,0
DA:17,0
DA:20,0
DA:23,0
DA:26,0
DA:29,0
DA:32,0
DA:35,0
DA:38,0
DA:41,0
DA:44,0
DA:47,0
DA:50,0
DA:53,0
DA:56,0
DA:59,0
DA:62,0
DA:65,0
DA:68,0
DA:71,0
DA:74,0
DA:77,0
DA:80,0
DA:83,0
DA:87,0
DA:90,0
DA:93,0
DA:96,0
DA:99,0
DA:103,0
DA:107,0
DA:110,0
DA:113,0
DA:116,0
DA:119,0
DA:122,0
DA:125,0
DA:127,0
DA:130,0
DA:133,0
DA:136,0
DA:139,0
DA:142,0
DA:145,0
DA:148,0
DA:151,0
DA:154,0
DA:157,0
DA:160,0
DA:163,0
DA:166,0
DA:169,0
DA:172,0
DA:175,0
DA:178,0
DA:181,0
DA:184,0
DA:187,0
DA:191,0
DA:193,0
DA:196,0
DA:199,0
DA:202,0
DA:206,0
DA:209,0
DA:212,0
DA:215,0
DA:218,0
DA:221,0
DA:224,0
DA:227,0
DA:230,0
DA:233,0
LF:75
LH:0
end_of_record
SF:lib\l10n\app_localizations_en.dart
DA:9,6
DA:11,1
DA:14,0
DA:17,0
DA:20,0
DA:23,0
DA:26,0
DA:29,0
DA:32,1
DA:35,1
DA:38,0
DA:41,2
DA:44,2
DA:47,1
DA:50,1
DA:53,2
DA:56,1
DA:59,1
DA:62,1
DA:65,0
DA:68,1
DA:71,0
DA:74,0
DA:77,0
DA:80,0
DA:83,0
DA:86,1
DA:89,1
DA:92,0
DA:95,0
DA:98,0
DA:102,0
DA:106,0
DA:109,0
DA:112,0
DA:115,1
DA:118,0
DA:121,0
DA:124,0
DA:126,0
DA:129,1
DA:132,2
DA:135,1
DA:138,1
DA:141,1
DA:144,1
DA:147,1
DA:150,1
DA:153,1
DA:156,1
DA:159,1
DA:162,1
DA:165,1
DA:168,0
DA:171,0
DA:174,0
DA:177,0
DA:180,0
DA:183,0
DA:186,0
DA:190,0
DA:192,0
DA:195,0
DA:198,0
DA:201,0
DA:205,0
DA:208,0
DA:211,0
DA:214,0
DA:217,0
DA:220,0
DA:223,0
DA:226,0
DA:229,0
DA:232,0
LF:75
LH:29
end_of_record
SF:lib\l10n\app_localizations_es.dart
DA:9,0
DA:11,0
DA:14,0
DA:17,0
DA:20,0
DA:23,0
DA:26,0
DA:29,0
DA:32,0
DA:35,0
DA:38,0
DA:41,0
DA:44,0
DA:47,0
DA:50,0
DA:53,0
DA:56,0
DA:59,0
DA:62,0
DA:65,0
DA:68,0
DA:71,0
DA:74,0
DA:77,0
DA:80,0
DA:83,0
DA:86,0
DA:89,0
DA:92,0
DA:95,0
DA:98,0
DA:102,0
DA:106,0
DA:109,0
DA:112,0
DA:115,0
DA:118,0
DA:121,0
DA:124,0
DA:126,0
DA:129,0
DA:132,0
DA:135,0
DA:138,0
DA:141,0
DA:144,0
DA:147,0
DA:150,0
DA:153,0
DA:156,0
DA:159,0
DA:162,0
DA:165,0
DA:168,0
DA:171,0
DA:174,0
DA:177,0
DA:180,0
DA:183,0
DA:186,0
DA:190,0
DA:192,0
DA:195,0
DA:198,0
DA:201,0
DA:205,0
DA:208,0
DA:211,0
DA:214,0
DA:217,0
DA:220,0
DA:223,0
DA:226,0
DA:229,0
DA:232,0
LF:75
LH:0
end_of_record
SF:lib\l10n\app_localizations_fr.dart
DA:9,0
DA:11,0
DA:14,0
DA:17,0
DA:20,0
DA:23,0
DA:26,0
DA:29,0
DA:32,0
DA:35,0
DA:38,0
DA:41,0
DA:44,0
DA:47,0
DA:50,0
DA:53,0
DA:56,0
DA:59,0
DA:62,0
DA:65,0
DA:68,0
DA:71,0
DA:74,0
DA:77,0
DA:80,0
DA:83,0
DA:87,0
DA:90,0
DA:93,0
DA:96,0
DA:99,0
DA:103,0
DA:107,0
DA:110,0
DA:113,0
DA:116,0
DA:119,0
DA:122,0
DA:125,0
DA:127,0
DA:130,0
DA:133,0
DA:136,0
DA:139,0
DA:142,0
DA:145,0
DA:148,0
DA:151,0
DA:154,0
DA:157,0
DA:160,0
DA:163,0
DA:166,0
DA:169,0
DA:172,0
DA:175,0
DA:178,0
DA:181,0
DA:184,0
DA:187,0
DA:191,0
DA:193,0
DA:196,0
DA:199,0
DA:202,0
DA:206,0
DA:209,0
DA:212,0
DA:215,0
DA:218,0
DA:221,0
DA:224,0
DA:227,0
DA:230,0
DA:233,0
LF:75
LH:0
end_of_record
SF:lib\repositories\local_history_repository.dart
DA:7,1
DA:12,1
DA:14,3
DA:16,1
DA:17,1
DA:20,1
DA:23,3
DA:24,3
DA:25,2
DA:28,0
DA:31,0
DA:32,0
DA:33,0
DA:34,0
DA:36,0
DA:37,0
DA:39,0
DA:42,0
DA:44,0
LF:19
LH:9
end_of_record
SF:lib\services\analytics_service.dart
DA:7,1
DA:17,1
DA:22,1
DA:24,0
DA:28,0
DA:30,0
DA:35,0
DA:41,0
DA:43,0
DA:45,0
DA:46,0
DA:47,0
DA:48,0
DA:49,0
DA:52,0
DA:54,0
DA:59,0
DA:64,0
DA:66,0
DA:68,0
DA:69,0
DA:70,0
DA:71,0
DA:74,0
DA:76,0
DA:81,0
DA:86,0
DA:88,0
DA:93,0
DA:95,0
DA:100,0
DA:105,0
DA:107,0
DA:109,0
DA:112,0
DA:115,0
DA:117,0
DA:122,0
DA:127,0
DA:129,0
DA:131,0
DA:132,0
DA:133,0
DA:134,0
DA:137,0
DA:139,0
DA:144,0
DA:150,0
DA:152,0
DA:154,0
DA:155,0
DA:156,0
DA:157,0
DA:158,0
DA:161,0
DA:163,0
DA:168,0
DA:173,0
DA:175,0
DA:176,0
DA:178,0
DA:183,0
DA:185,0
DA:187,0
DA:188,0
DA:190,0
DA:195,0
DA:197,0
DA:199,0
DA:200,0
DA:202,0
DA:207,0
LF:72
LH:3
end_of_record
SF:lib\services\biometric_service.dart
DA:6,0
DA:11,0
DA:12,0
LF:3
LH:0
end_of_record
SF:lib\services\engagement_service.dart
DA:8,1
DA:17,0
DA:18,0
DA:19,0
DA:20,0
DA:25,1
DA:26,2
DA:27,2
DA:28,2
DA:30,1
DA:31,0
DA:32,0
DA:33,0
DA:34,0
LF:14
LH:6
end_of_record
SF:lib\services\local_storage_service.dart
DA:27,1
DA:29,1
DA:30,1
DA:31,2
DA:34,0
DA:36,0
DA:37,0
DA:40,0
DA:42,0
DA:43,0
DA:46,1
DA:48,1
DA:49,2
DA:52,1
DA:54,1
DA:55,2
DA:58,1
DA:60,1
DA:61,2
DA:64,0
DA:66,0
DA:67,0
DA:70,0
DA:72,0
DA:73,0
DA:76,0
DA:78,0
DA:79,0
DA:82,1
DA:83,1
DA:84,0
LF:31
LH:15
end_of_record
SF:lib\services\network_service.dart
DA:10,1
DA:11,2
DA:18,2
DA:20,1
DA:21,2
DA:22,1
DA:24,5
DA:29,1
DA:30,1
DA:31,2
DA:34,2
DA:36,0
DA:37,0
DA:38,0
DA:41,0
DA:43,0
DA:44,0
LF:17
LH:11
end_of_record
SF:lib\services\notification_service.dart
DA:9,0
DA:18,0
DA:27,0
DA:30,0
DA:32,0
DA:33,0
DA:34,0
DA:36,0
DA:38,0
DA:43,0
DA:45,0
DA:50,0
DA:51,0
DA:54,0
DA:56,0
DA:60,0
DA:62,0
DA:64,0
DA:73,0
DA:74,0
DA:76,0
DA:77,0
DA:80,0
DA:81,0
DA:82,0
DA:85,0
DA:86,0
DA:87,0
DA:92,0
DA:93,0
DA:95,0
DA:96,0
DA:97,0
DA:102,0
DA:104,0
DA:107,0
DA:109,0
DA:110,0
DA:112,0
DA:113,0
DA:115,0
DA:116,0
DA:118,0
DA:120,0
DA:125,0
DA:127,0
DA:128,0
DA:130,0
DA:139,0
DA:141,0
DA:142,0
DA:144,0
DA:153,0
DA:155,0
DA:157,0
DA:163,0
DA:165,0
DA:166,0
DA:168,0
DA:173,0
DA:175,0
DA:176,0
DA:178,0
DA:183,0
LF:64
LH:0
end_of_record
SF:lib\services\ocr_service.dart
DA:12,0
DA:14,0
DA:17,0
DA:18,0
DA:21,0
DA:23,0
DA:24,0
DA:25,0
DA:26,0
DA:28,0
DA:29,0
DA:35,0
DA:40,0
DA:41,0
LF:14
LH:0
end_of_record
SF:lib\services\performance_service.dart
DA:7,0
DA:18,0
DA:20,0
DA:21,0
DA:25,0
DA:26,0
DA:27,0
DA:28,0
DA:30,0
DA:35,0
DA:37,0
DA:39,0
DA:44,0
DA:47,0
DA:48,0
DA:49,0
DA:51,0
DA:56,0
DA:58,0
DA:60,0
DA:64,0
DA:65,0
DA:67,0
DA:72,0
DA:74,0
DA:76,0
DA:80,0
DA:81,0
DA:83,0
DA:88,0
DA:93,0
DA:94,0
DA:95,0
DA:96,0
DA:97,0
DA:100,0
DA:110,0
DA:118,0
DA:119,0
DA:121,0
DA:126,0
DA:129,0
DA:132,0
DA:135,0
DA:136,0
DA:137,0
DA:139,0
DA:144,0
DA:145,0
DA:146,0
DA:151,0
DA:153,0
DA:156,0
DA:157,0
DA:159,0
DA:165,0
DA:167,0
DA:170,0
DA:171,0
DA:174,0
DA:180,0
DA:182,0
DA:183,0
DA:185,0
DA:194,0
LF:65
LH:0
end_of_record
SF:lib\services\quick_actions_service.dart
DA:8,1
DA:9,1
LF:2
LH:2
end_of_record
SF:lib\services\remote_config_service.dart
DA:7,0
DA:16,0
DA:18,0
DA:19,0
DA:25,0
DA:60,0
DA:61,0
DA:63,0
DA:72,0
DA:74,0
DA:75,0
DA:78,0
DA:89,0
DA:90,0
DA:91,0
DA:92,0
DA:93,0
DA:94,0
DA:95,0
DA:96,0
DA:97,0
DA:98,0
DA:99,0
DA:100,0
DA:104,0
DA:105,0
DA:106,0
DA:107,0
DA:108,0
DA:112,0
DA:113,0
DA:114,0
DA:115,0
DA:116,0
DA:120,0
DA:121,0
DA:125,0
DA:126,0
DA:127,0
DA:131,0
DA:132,0
DA:133,0
DA:136,0
DA:138,0
DA:139,0
DA:140,0
DA:141,0
DA:142,0
DA:143,0
DA:144,0
DA:145,0
DA:149,0
DA:155,0
DA:156,0
DA:157,0
DA:162,0
DA:163,0
DA:164,0
DA:169,0
LF:59
LH:0
end_of_record
SF:lib\utils\logger_service.dart
DA:8,9
DA:9,3
DA:16,1
DA:18,3
DA:21,0
DA:23,0
DA:26,1
DA:28,3
DA:31,2
DA:33,6
DA:36,0
DA:38,0
LF:12
LH:8
end_of_record
SF:lib\pages\whatsapp_tool_home_page.dart
DA:28,4
DA:30,1
DA:31,1
DA:52,1
DA:54,1
DA:55,2
DA:56,2
DA:58,3
DA:60,4
DA:63,3
DA:64,0
DA:65,0
DA:70,3
DA:73,1
DA:76,1
DA:78,2
DA:79,3
DA:80,2
DA:81,2
DA:82,2
DA:83,2
DA:84,2
DA:85,2
DA:86,2
DA:87,2
DA:88,2
DA:89,1
DA:92,1
DA:93,4
DA:94,0
DA:95,0
DA:96,0
DA:99,0
DA:102,1
DA:103,4
DA:104,1
DA:105,0
DA:112,0
DA:113,0
DA:114,0
DA:116,0
DA:117,0
DA:118,0
DA:120,0
DA:124,1
DA:126,1
DA:128,1
DA:131,1
DA:132,1
DA:133,1
DA:140,1
DA:141,1
DA:145,1
DA:146,2
DA:147,2
DA:151,1
DA:152,1
DA:153,1
DA:154,2
DA:155,1
DA:157,1
DA:161,1
DA:181,1
DA:182,1
DA:183,0
DA:185,1
DA:186,1
DA:187,1
DA:188,1
DA:189,1
DA:199,1
DA:200,1
DA:202,1
DA:203,1
DA:204,1
DA:205,1
DA:206,1
DA:207,1
DA:208,1
DA:209,1
DA:210,1
DA:212,1
DA:214,1
DA:215,1
DA:216,1
DA:218,1
DA:219,2
DA:220,1
DA:221,1
DA:222,1
DA:223,1
DA:224,0
DA:225,0
DA:227,1
DA:228,2
DA:229,0
DA:231,2
DA:232,2
DA:236,2
DA:237,1
DA:238,1
DA:239,1
DA:240,1
DA:241,4
DA:243,2
DA:245,2
DA:257,1
DA:258,1
DA:260,1
DA:261,1
DA:262,1
DA:263,1
DA:264,1
DA:265,1
DA:266,1
DA:267,1
DA:268,1
DA:270,1
DA:272,1
DA:273,1
DA:274,1
DA:276,1
DA:277,1
DA:278,2
DA:281,2
DA:282,1
DA:283,1
DA:284,1
DA:285,1
DA:286,1
DA:287,1
DA:288,1
DA:293,2
DA:294,1
DA:295,1
DA:296,1
DA:297,1
DA:298,1
DA:305,2
DA:306,1
DA:307,1
DA:308,1
DA:309,1
DA:310,1
DA:311,1
DA:312,1
DA:317,2
DA:318,1
DA:319,1
DA:320,1
DA:321,1
DA:322,1
DA:329,2
DA:330,1
DA:331,1
DA:333,1
DA:334,2
DA:336,1
DA:339,2
DA:340,1
DA:341,1
DA:343,1
DA:344,1
DA:348,2
DA:349,1
DA:350,1
DA:352,1
DA:353,1
DA:358,2
DA:359,1
DA:361,1
DA:362,1
DA:363,1
DA:366,2
DA:369,2
DA:370,4
DA:371,0
DA:372,0
DA:373,0
DA:375,0
DA:376,0
DA:377,0
DA:378,0
DA:379,0
DA:380,0
DA:381,0
DA:386,2
DA:387,1
DA:388,0
DA:389,0
DA:390,0
DA:396,2
LF:192
LH:161
end_of_record
SF:lib\providers\history_provider.dart
DA:10,2
DA:11,2
DA:20,3
DA:21,0
DA:24,0
DA:26,0
DA:27,0
DA:28,0
DA:29,0
DA:33,2
DA:34,2
DA:35,2
DA:38,2
DA:40,6
DA:41,2
DA:43,1
DA:48,0
DA:49,0
DA:51,0
DA:52,0
DA:55,0
DA:58,0
DA:59,0
DA:61,0
DA:62,0
DA:63,0
DA:65,0
DA:68,0
DA:69,0
DA:73,2
DA:74,8
DA:76,6
DA:77,2
DA:80,4
DA:83,2
DA:84,0
DA:88,1
DA:89,8
DA:90,1
DA:92,2
DA:93,1
DA:94,0
DA:98,1
DA:99,2
DA:100,1
DA:102,2
DA:103,1
DA:104,0
LF:48
LH:26
end_of_record
SF:lib\providers\template_provider.dart
DA:9,2
DA:15,1
DA:16,1
DA:17,1
DA:18,1
DA:19,1
DA:26,2
DA:27,1
DA:28,1
DA:29,1
DA:36,2
DA:37,4
DA:43,6
DA:45,2
DA:47,6
DA:48,2
DA:50,1
DA:54,2
DA:55,2
DA:56,6
DA:60,8
DA:61,2
DA:62,6
DA:65,2
DA:66,14
DA:67,2
DA:68,6
DA:71,1
DA:72,1
DA:75,0
DA:78,0
LF:31
LH:29
end_of_record
SF:lib\providers\theme_provider.dart
DA:5,1
DA:8,0
DA:11,0
LF:3
LH:1
end_of_record
SF:lib\providers\whatsapp_tool_provider.dart
DA:14,4
DA:18,0
DA:24,8
DA:25,4
DA:26,6
DA:28,1
DA:29,2
DA:30,1
DA:34,3
DA:35,3
DA:36,6
DA:38,6
DA:39,6
DA:40,12
DA:41,3
DA:44,3
DA:47,3
DA:48,6
DA:49,1
DA:50,2
DA:51,1
DA:52,1
DA:54,3
DA:55,6
DA:56,3
DA:57,6
DA:58,12
DA:59,3
DA:60,3
DA:61,6
DA:62,3
DA:64,3
DA:66,3
DA:72,3
DA:75,1
DA:76,2
DA:77,0
DA:78,0
DA:79,0
DA:80,0
DA:82,1
DA:83,1
DA:84,1
DA:85,2
DA:86,3
DA:87,1
DA:88,1
DA:89,2
DA:90,1
DA:92,1
DA:94,1
DA:100,1
DA:103,1
DA:113,2
DA:114,0
DA:115,0
DA:116,0
DA:117,0
DA:119,1
DA:120,1
DA:121,0
DA:124,2
DA:125,1
DA:128,1
DA:129,1
DA:130,2
DA:131,2
DA:132,2
DA:133,2
DA:134,1
DA:135,4
DA:136,1
DA:137,2
DA:138,1
DA:139,1
DA:140,2
DA:141,1
DA:145,1
DA:151,1
DA:154,0
DA:160,0
DA:161,0
DA:163,0
DA:164,0
DA:165,0
DA:166,0
DA:167,0
DA:168,0
DA:170,0
DA:174,0
DA:175,0
DA:176,0
DA:177,0
DA:181,0
DA:182,0
DA:183,0
DA:184,0
DA:185,0
DA:188,1
DA:189,3
DA:190,2
DA:191,2
DA:192,1
DA:194,0
DA:195,0
DA:197,1
LF:106
LH:75
end_of_record
SF:lib\utils\app_theme.dart
DA:7,0
DA:9,1
DA:10,1
DA:20,1
DA:25,1
DA:26,1
DA:27,1
DA:28,1
DA:47,1
DA:48,1
DA:53,2
DA:63,1
DA:73,1
DA:74,1
DA:77,1
DA:78,1
DA:81,1
DA:82,1
LF:18
LH:17
end_of_record
SF:lib\utils\constants.dart
DA:8,0
DA:44,0
DA:46,0
DA:47,0
DA:54,0
DA:56,0
DA:57,0
LF:7
LH:0
end_of_record
SF:lib\utils\error_handler.dart
DA:9,0
DA:11,0
DA:12,0
DA:13,0
DA:14,0
DA:18,0
DA:20,0
DA:22,0
DA:23,0
DA:24,0
DA:25,0
DA:28,0
DA:29,0
DA:38,0
DA:40,0
DA:43,0
LF:16
LH:0
end_of_record
SF:lib\models\history_item.dart
DA:10,4
DA:25,0
DA:26,0
DA:27,0
DA:28,0
DA:29,0
DA:30,0
DA:31,0
DA:35,2
DA:36,1
DA:37,3
DA:38,2
DA:39,3
DA:40,2
LF:14
LH:7
end_of_record
SF:lib\pages\history_page.dart
DA:14,4
DA:16,0
DA:18,0
DA:19,0
DA:20,0
DA:21,0
DA:23,0
DA:24,0
DA:25,0
DA:28,0
DA:29,0
DA:30,0
DA:31,0
DA:32,0
DA:35,0
DA:36,0
DA:37,0
DA:38,0
DA:39,0
DA:40,0
DA:41,0
DA:43,0
DA:44,0
DA:45,0
DA:48,0
DA:49,0
DA:50,0
DA:57,0
DA:62,0
DA:63,0
DA:64,0
DA:66,0
DA:67,0
DA:69,0
DA:72,0
DA:73,0
DA:74,0
DA:75,0
DA:77,0
DA:83,0
DA:84,0
DA:85,0
DA:86,0
DA:88,0
DA:89,0
DA:90,0
DA:92,0
DA:93,0
DA:94,0
DA:95,0
DA:101,0
DA:102,0
DA:103,0
DA:104,0
DA:105,0
DA:107,0
DA:108,0
DA:109,0
DA:110,0
DA:112,0
DA:113,0
DA:114,0
DA:115,0
DA:118,0
DA:121,0
DA:122,0
DA:123,0
DA:125,0
DA:128,0
DA:129,0
DA:130,0
DA:132,0
DA:133,0
DA:134,0
DA:135,0
DA:138,0
DA:141,0
DA:142,0
DA:145,0
LF:79
LH:1
end_of_record
SF:lib\utils\responsive_layout.dart
DA:6,2
DA:11,10
DA:14,0
DA:17,3
DA:20,10
DA:23,3
DA:26,6
DA:29,0
DA:32,1
DA:33,1
DA:35,1
DA:37,1
DA:45,1
DA:46,1
DA:47,1
DA:48,1
DA:53,1
DA:54,1
DA:55,1
DA:56,1
DA:61,2
DA:62,2
DA:63,4
DA:64,0
DA:69,2
DA:70,2
DA:71,4
DA:72,0
DA:77,2
DA:78,2
DA:79,4
DA:80,0
DA:85,1
DA:86,1
DA:87,1
DA:88,0
DA:92,0
DA:95,0
DA:98,0
DA:101,0
DA:102,0
DA:103,0
DA:104,0
DA:108,0
DA:109,0
DA:110,0
DA:115,0
DA:116,0
DA:117,0
DA:122,0
DA:123,0
DA:124,0
DA:125,0
DA:132,4
DA:137,0
DA:141,0
DA:143,0
DA:149,1
DA:154,1
DA:156,1
DA:158,1
DA:159,1
DA:160,2
DA:161,1
DA:162,1
DA:170,0
DA:179,0
DA:181,0
DA:183,0
DA:184,0
DA:185,0
DA:186,0
DA:188,0
LF:73
LH:39
end_of_record
SF:lib\utils\validators.dart
DA:4,0
DA:6,3
DA:7,3
DA:12,3
DA:17,1
DA:18,1
DA:19,2
DA:23,1
DA:24,1
DA:25,2
DA:29,1
DA:30,1
DA:31,2
DA:35,1
DA:36,1
DA:37,2
DA:38,4
LF:17
LH:16
end_of_record
SF:lib\widgets\banner_ad_widget.dart
DA:8,4
DA:10,1
DA:11,1
DA:18,1
DA:20,2
DA:21,3
DA:22,1
DA:24,1
DA:28,1
DA:30,1
DA:31,1
DA:34,1
DA:36,1
DA:38,0
DA:39,0
DA:42,0
DA:43,0
DA:44,0
DA:45,0
DA:48,0
DA:49,0
DA:51,0
DA:52,0
DA:53,0
DA:56,0
DA:59,1
DA:61,1
DA:62,1
DA:65,1
DA:67,1
DA:71,0
DA:73,0
DA:74,0
DA:75,0
LF:34
LH:18
end_of_record
SF:lib\widgets\drawer.dart
DA:11,4
DA:13,0
DA:15,0
DA:17,0
DA:19,0
DA:21,0
DA:22,0
DA:24,0
DA:25,0
DA:46,0
DA:47,0
DA:48,0
DA:49,0
DA:50,0
DA:51,0
DA:53,0
DA:54,0
DA:66,0
DA:68,0
DA:70,0
DA:71,0
DA:72,0
DA:73,0
DA:74,0
DA:79,0
DA:80,0
DA:96,0
DA:103,0
DA:104,0
DA:105,0
LF:30
LH:1
end_of_record
SF:lib\widgets\feature_buttons.dart
DA:13,2
DA:26,1
DA:27,3
DA:28,1
DA:29,2
DA:32,6
DA:34,2
DA:36,2
DA:37,2
DA:38,2
DA:40,2
DA:41,2
DA:42,2
DA:43,2
DA:44,2
DA:45,2
DA:46,2
DA:48,2
DA:49,2
DA:52,4
DA:53,2
DA:54,4
DA:57,4
DA:58,8
DA:59,1
DA:60,2
DA:61,1
DA:62,1
DA:63,0
DA:64,0
DA:65,0
DA:68,0
DA:70,0
DA:71,0
DA:77,4
DA:78,2
DA:79,2
DA:80,2
DA:82,2
DA:83,2
DA:86,4
DA:87,2
DA:88,4
DA:92,4
DA:93,8
DA:94,2
DA:95,4
DA:96,2
DA:97,1
DA:98,1
DA:99,1
DA:101,2
DA:109,4
DA:110,2
DA:112,2
DA:113,2
DA:115,2
DA:116,2
DA:117,4
DA:118,4
DA:119,2
DA:120,4
DA:123,4
DA:124,2
DA:125,2
DA:126,4
DA:128,0
DA:129,0
DA:130,0
DA:131,0
DA:132,0
DA:133,0
DA:135,0
LF:73
LH:60
end_of_record
SF:lib\widgets\output_display.dart
DA:15,4
DA:17,1
DA:19,1
DA:20,1
DA:21,1
DA:23,1
DA:24,4
DA:25,1
DA:27,1
DA:29,1
DA:31,1
DA:32,1
DA:34,1
DA:35,1
DA:36,1
DA:37,2
DA:38,1
DA:39,1
DA:40,1
DA:41,1
DA:49,1
DA:50,1
DA:57,1
DA:63,1
DA:65,1
DA:66,1
DA:67,1
DA:68,0
DA:71,0
DA:72,0
DA:73,0
DA:78,0
DA:80,1
DA:81,1
DA:83,2
DA:85,2
DA:86,1
DA:88,1
DA:89,1
DA:91,1
DA:92,0
DA:93,0
DA:94,0
DA:95,0
DA:98,0
DA:101,2
DA:102,1
DA:105,0
DA:113,1
DA:114,1
DA:115,1
DA:116,1
DA:118,1
DA:121,2
DA:122,1
DA:123,1
DA:124,2
DA:130,1
DA:135,1
DA:138,1
DA:139,1
DA:141,1
LF:62
LH:51
end_of_record
SF:lib\widgets\shimmer_text.dart
DA:7,1
DA:12,1
DA:14,1
DA:17,3
LF:4
LH:4
end_of_record
SF:lib\widgets\whatsapp_input_field.dart
DA:16,1
DA:31,1
DA:32,1
DA:38,0
DA:39,0
DA:40,0
DA:43,0
DA:44,0
DA:45,0
DA:46,0
DA:47,0
DA:49,0
DA:50,0
DA:51,0
DA:58,0
DA:59,0
DA:60,0
DA:62,0
DA:63,0
DA:64,0
DA:65,0
DA:70,0
DA:74,1
DA:76,1
DA:77,1
DA:78,2
DA:80,1
DA:81,1
DA:82,1
DA:84,1
DA:86,1
DA:87,1
DA:88,1
DA:90,1
DA:91,2
DA:93,1
DA:94,1
DA:100,1
DA:103,1
DA:105,1
DA:108,1
DA:112,1
DA:113,1
DA:125,2
DA:127,1
DA:128,1
DA:129,2
DA:131,2
DA:132,2
DA:133,1
DA:134,1
DA:135,1
DA:137,1
DA:139,1
DA:140,0
DA:141,0
DA:142,0
DA:147,1
DA:149,1
DA:153,2
DA:160,2
DA:162,1
DA:164,1
DA:165,1
DA:166,2
DA:168,2
DA:169,1
DA:170,1
DA:173,1
DA:174,1
DA:175,1
DA:176,2
DA:177,1
DA:181,1
DA:182,1
DA:183,1
DA:184,1
DA:186,1
DA:187,1
DA:190,1
DA:192,1
DA:193,1
LF:82
LH:60
end_of_record
SF:lib\utils\failures.dart
DA:6,1
DA:9,0
DA:10,0
DA:14,1
DA:18,0
LF:5
LH:2
end_of_record
SF:lib\widgets\templates_dialog.dart
DA:10,1
DA:13,1
DA:15,1
DA:16,1
DA:17,1
DA:19,1
DA:20,1
DA:22,1
DA:23,2
DA:24,1
DA:26,1
DA:27,1
DA:32,1
DA:35,1
DA:36,3
DA:37,1
DA:39,1
DA:40,1
DA:41,1
DA:42,1
DA:43,1
DA:44,1
DA:45,1
DA:48,1
DA:49,1
DA:53,1
DA:54,3
DA:55,1
DA:57,1
DA:62,1
DA:64,3
DA:71,1
DA:72,1
DA:73,2
DA:74,2
DA:80,1
DA:81,1
DA:82,1
DA:84,1
DA:85,1
DA:88,2
DA:89,2
DA:90,1
DA:92,1
DA:93,1
DA:95,1
DA:96,1
DA:100,1
DA:102,1
DA:103,1
DA:109,1
DA:110,1
DA:111,2
DA:112,2
DA:114,1
DA:115,2
DA:116,1
DA:117,2
DA:118,2
DA:119,1
DA:120,1
DA:123,1
DA:124,1
DA:125,1
DA:128,1
LF:65
LH:65
end_of_record
